time="2025-01-30T17:57:23.280Z" level=info msg="Logger initialized successfully."
time="2025-01-30T17:57:23.290Z" level=error msg="Invalid request method: GET"
time="2025-01-30T17:57:23.291Z" level=error msg="Failed to connect to database: mock connection error"
time="2025-01-30T17:57:23.292Z" level=error msg="Failed to prepare table: mock table error"
time="2025-01-30T17:57:23.293Z" level=info msg="Worker 15 started processing batches"
time="2025-01-30T17:57:23.293Z" level=info msg="Worker 5 started processing batches"
time="2025-01-30T17:57:23.294Z" level=info msg="Worker 11 started processing batches"
time="2025-01-30T17:57:23.295Z" level=info msg="Worker 12 started processing batches"
time="2025-01-30T17:57:23.295Z" level=info msg="Worker 10 started processing batches"
time="2025-01-30T17:57:23.295Z" level=info msg="Worker 6 started processing batches"
time="2025-01-30T17:57:23.295Z" level=info msg="Worker 7 started processing batches"
time="2025-01-30T17:57:23.295Z" level=info msg="Worker 8 started processing batches"
time="2025-01-30T17:57:23.295Z" level=info msg="Worker 9 started processing batches"
time="2025-01-30T17:57:23.295Z" level=info msg="Worker 13 started processing batches"
time="2025-01-30T17:57:23.295Z" level=info msg="Worker 14 started processing batches"
time="2025-01-30T17:57:23.295Z" level=info msg="Worker 2 started processing batches"
time="2025-01-30T17:57:23.295Z" level=info msg="Started reading CSV data"
time="2025-01-30T17:57:23.295Z" level=info msg="Worker 1 started processing batches"
time="2025-01-30T17:57:23.295Z" level=info msg="Worker 3 started processing batches"
time="2025-01-30T17:57:23.295Z" level=info msg="Worker 4 started processing batches"
time="2025-01-30T17:57:23.300Z" level=info msg="Upload completed successfully"
