2025-01-17 15:54:03 - [INFO] Logger initialized successfully.
time="2025-01-17T18:10:43.835Z" level=info msg="Logger initialized successfully."
time="2025-01-20T09:20:15.169Z" level=info msg="Logger initialized successfully."
time="2025-01-20T09:54:06.024Z" level=info msg="Logger initialized successfully."
time="2025-01-20T09:54:49.620Z" level=info msg="Logger initialized successfully."
time="2025-01-20T10:43:20.784Z" level=info msg="Logger initialized successfully."
time="2025-01-20T10:48:04.349Z" level=info msg="Logger initialized successfully."
time="2025-01-20T10:48:47.963Z" level=info msg="Logger initialized successfully."
time="2025-01-20T10:52:22.880Z" level=info msg="Logger initialized successfully."
time="2025-01-20T10:55:29.169Z" level=info msg="Logger initialized successfully."
time="2025-01-20T10:56:05.055Z" level=info msg="Logger initialized successfully."
time="2025-01-20T11:03:27.602Z" level=info msg="Logger initialized successfully."
time="2025-01-20T11:47:55.439Z" level=info msg="Logger initialized successfully."
time="2025-01-20T11:54:00.711Z" level=info msg="Logger initialized successfully."
time="2025-01-20T12:02:32.121Z" level=info msg="Logger initialized successfully."
time="2025-01-20T12:16:22.529Z" level=info msg="Logger initialized successfully."
time="2025-01-20T12:19:25.287Z" level=info msg="Logger initialized successfully."
time="2025-01-20T12:34:51.045Z" level=info msg="Logger initialized successfully."
time="2025-01-20T12:35:54.619Z" level=info msg="Logger initialized successfully."
time="2025-01-20T13:38:37.690Z" level=info msg="Logger initialized successfully."
time="2025-01-20T13:39:02.702Z" level=info msg="Logger initialized successfully."
time="2025-01-20T13:39:29.609Z" level=info msg="Logger initialized successfully."
time="2025-01-20T13:46:11.499Z" level=info msg="Logger initialized successfully."
time="2025-01-20T13:59:01.797Z" level=info msg="Logger initialized successfully."
time="2025-01-20T15:48:00.834Z" level=info msg="Logger initialized successfully."
time="2025-01-20T15:52:32.096Z" level=info msg="Logger initialized successfully."
time="2025-01-20T15:54:03.157Z" level=info msg="Logger initialized successfully."
time="2025-01-20T16:49:40.027Z" level=info msg="Logger initialized successfully."
time="2025-01-20T16:49:47.537Z" level=info msg="Logger initialized successfully."
time="2025-01-20T17:27:19.481Z" level=info msg="Logger initialized successfully."
time="2025-01-21T09:28:32.239Z" level=info msg="Logger initialized successfully."
time="2025-01-21T10:59:26.614Z" level=info msg="Logger initialized successfully."
time="2025-01-21T12:16:23.856Z" level=info msg="Logger initialized successfully."
time="2025-01-21T12:19:50.123Z" level=info msg="Logger initialized successfully."
time="2025-01-21T13:52:45.401Z" level=info msg="Logger initialized successfully."
time="2025-01-21T14:41:46.623Z" level=info msg="Logger initialized successfully."
time="2025-01-21T14:42:27.322Z" level=info msg="Logger initialized successfully."
time="2025-01-21T14:44:33.201Z" level=info msg="Logger initialized successfully."
time="2025-01-21T15:13:41.202Z" level=info msg="Logger initialized successfully."
time="2025-01-22T14:08:28.258Z" level=info msg="Logger initialized successfully."
time="2025-01-22T14:11:01.426Z" level=info msg="Logger initialized successfully."
time="2025-01-22T15:06:11.669Z" level=info msg="Logger initialized successfully."
time="2025-01-22T15:06:11.692Z" level=info msg="Worker 4 started processing batches"
time="2025-01-22T15:06:11.693Z" level=info msg="Worker 1 started processing batches"
time="2025-01-22T15:06:11.694Z" level=info msg="Started reading CSV data"
time="2025-01-22T15:06:11.694Z" level=info msg="Worker 2 started processing batches"
time="2025-01-22T15:06:11.695Z" level=info msg="Worker 8 started processing batches"
time="2025-01-22T15:06:11.695Z" level=info msg="Worker 5 started processing batches"
time="2025-01-22T15:06:11.695Z" level=info msg="Worker 6 started processing batches"
time="2025-01-22T15:06:11.695Z" level=info msg="Worker 13 started processing batches"
time="2025-01-22T15:06:11.695Z" level=info msg="Worker 7 started processing batches"
time="2025-01-22T15:06:11.695Z" level=info msg="Worker 20 started processing batches"
time="2025-01-22T15:06:11.695Z" level=info msg="Worker 14 started processing batches"
time="2025-01-22T15:06:11.695Z" level=info msg="Worker 12 started processing batches"
time="2025-01-22T15:06:11.695Z" level=info msg="Worker 15 started processing batches"
time="2025-01-22T15:06:11.695Z" level=info msg="Worker 18 started processing batches"
time="2025-01-22T15:06:11.695Z" level=info msg="Worker 19 started processing batches"
time="2025-01-22T15:06:11.695Z" level=info msg="Worker 3 started processing batches"
time="2025-01-22T15:06:11.695Z" level=info msg="Worker 10 started processing batches"
time="2025-01-22T15:06:11.695Z" level=info msg="Worker 17 started processing batches"
time="2025-01-22T15:06:11.695Z" level=info msg="Worker 9 started processing batches"
time="2025-01-22T15:06:11.695Z" level=info msg="Worker 11 started processing batches"
time="2025-01-22T15:06:11.695Z" level=info msg="Worker 16 started processing batches"
time="2025-01-22T15:06:11.701Z" level=info msg="Upload completed successfully"
time="2025-01-22T15:13:33.237Z" level=info msg="Logger initialized successfully."
time="2025-01-22T15:13:33.269Z" level=info msg="Worker 20 started processing batches"
time="2025-01-22T15:13:33.270Z" level=info msg="Worker 9 started processing batches"
time="2025-01-22T15:13:33.270Z" level=info msg="Started reading CSV data"
time="2025-01-22T15:13:33.270Z" level=info msg="Worker 1 started processing batches"
time="2025-01-22T15:13:33.271Z" level=info msg="Worker 2 started processing batches"
time="2025-01-22T15:13:33.273Z" level=info msg="Worker 7 started processing batches"
time="2025-01-22T15:13:33.273Z" level=info msg="Worker 8 started processing batches"
time="2025-01-22T15:13:33.273Z" level=info msg="Worker 6 started processing batches"
time="2025-01-22T15:13:33.273Z" level=info msg="Worker 17 started processing batches"
time="2025-01-22T15:13:33.273Z" level=info msg="Worker 4 started processing batches"
time="2025-01-22T15:13:33.273Z" level=info msg="Worker 5 started processing batches"
time="2025-01-22T15:13:33.273Z" level=info msg="Worker 14 started processing batches"
time="2025-01-22T15:13:33.273Z" level=info msg="Worker 10 started processing batches"
time="2025-01-22T15:13:33.273Z" level=info msg="Worker 11 started processing batches"
time="2025-01-22T15:13:33.273Z" level=info msg="Worker 12 started processing batches"
time="2025-01-22T15:13:33.273Z" level=info msg="Worker 13 started processing batches"
time="2025-01-22T15:13:33.273Z" level=info msg="Worker 15 started processing batches"
time="2025-01-22T15:13:33.273Z" level=info msg="Worker 16 started processing batches"
time="2025-01-22T15:13:33.273Z" level=info msg="Worker 18 started processing batches"
time="2025-01-22T15:13:33.273Z" level=info msg="Worker 19 started processing batches"
time="2025-01-22T15:13:33.273Z" level=info msg="Worker 3 started processing batches"
time="2025-01-22T15:13:33.299Z" level=info msg="Upload completed successfully"
time="2025-01-22T15:16:46.556Z" level=info msg="Logger initialized successfully."
time="2025-01-22T15:16:46.569Z" level=info msg="Worker 20 started processing batches"
time="2025-01-22T15:16:46.569Z" level=info msg="Worker 1 started processing batches"
time="2025-01-22T15:16:46.569Z" level=info msg="Worker 4 started processing batches"
time="2025-01-22T15:16:46.569Z" level=info msg="Worker 6 started processing batches"
time="2025-01-22T15:16:46.570Z" level=info msg="Worker 10 started processing batches"
time="2025-01-22T15:16:46.570Z" level=info msg="Worker 12 started processing batches"
time="2025-01-22T15:16:46.569Z" level=info msg="Worker 7 started processing batches"
time="2025-01-22T15:16:46.570Z" level=info msg="Worker 3 started processing batches"
time="2025-01-22T15:16:46.570Z" level=info msg="Worker 13 started processing batches"
time="2025-01-22T15:16:46.569Z" level=info msg="Worker 9 started processing batches"
time="2025-01-22T15:16:46.570Z" level=info msg="Worker 17 started processing batches"
time="2025-01-22T15:16:46.570Z" level=info msg="Worker 15 started processing batches"
time="2025-01-22T15:16:46.569Z" level=info msg="Worker 5 started processing batches"
time="2025-01-22T15:16:46.570Z" level=info msg="Worker 14 started processing batches"
time="2025-01-22T15:16:46.570Z" level=info msg="Started reading CSV data"
time="2025-01-22T15:16:46.570Z" level=info msg="Worker 11 started processing batches"
time="2025-01-22T15:16:46.570Z" level=info msg="Worker 19 started processing batches"
time="2025-01-22T15:16:46.570Z" level=info msg="Worker 16 started processing batches"
time="2025-01-22T15:16:46.569Z" level=info msg="Worker 8 started processing batches"
time="2025-01-22T15:16:46.570Z" level=info msg="Worker 2 started processing batches"
time="2025-01-22T15:16:46.570Z" level=info msg="Worker 18 started processing batches"
time="2025-01-22T15:16:46.574Z" level=info msg="Upload completed successfully"
time="2025-01-22T15:27:12.069Z" level=info msg="Logger initialized successfully."
time="2025-01-22T15:27:12.081Z" level=info msg="Started reading CSV data"
time="2025-01-22T15:27:12.081Z" level=info msg="Worker 20 started processing batches"
time="2025-01-22T15:27:12.081Z" level=info msg="Worker 1 started processing batches"
time="2025-01-22T15:27:12.081Z" level=info msg="Worker 2 started processing batches"
time="2025-01-22T15:27:12.081Z" level=info msg="Worker 3 started processing batches"
time="2025-01-22T15:27:12.081Z" level=info msg="Worker 4 started processing batches"
time="2025-01-22T15:27:12.081Z" level=info msg="Worker 19 started processing batches"
time="2025-01-22T15:27:12.081Z" level=info msg="Worker 7 started processing batches"
time="2025-01-22T15:27:12.081Z" level=info msg="Worker 6 started processing batches"
time="2025-01-22T15:27:12.081Z" level=info msg="Worker 5 started processing batches"
time="2025-01-22T15:27:12.081Z" level=info msg="Worker 13 started processing batches"
time="2025-01-22T15:27:12.081Z" level=info msg="Worker 18 started processing batches"
time="2025-01-22T15:27:12.081Z" level=info msg="Worker 11 started processing batches"
time="2025-01-22T15:27:12.081Z" level=info msg="Worker 8 started processing batches"
time="2025-01-22T15:27:12.081Z" level=info msg="Worker 9 started processing batches"
time="2025-01-22T15:27:12.081Z" level=info msg="Worker 10 started processing batches"
time="2025-01-22T15:27:12.081Z" level=info msg="Worker 14 started processing batches"
time="2025-01-22T15:27:12.081Z" level=info msg="Worker 12 started processing batches"
time="2025-01-22T15:27:12.081Z" level=info msg="Worker 16 started processing batches"
time="2025-01-22T15:27:12.081Z" level=info msg="Worker 15 started processing batches"
time="2025-01-22T15:27:12.081Z" level=info msg="Worker 17 started processing batches"
time="2025-01-22T15:27:12.086Z" level=info msg="Upload completed successfully"
time="2025-01-22T15:29:50.427Z" level=info msg="Logger initialized successfully."
time="2025-01-22T15:29:50.511Z" level=info msg="Worker 20 started processing batches"
time="2025-01-22T15:29:50.511Z" level=info msg="Worker 8 started processing batches"
time="2025-01-22T15:29:50.511Z" level=info msg="Worker 3 started processing batches"
time="2025-01-22T15:29:50.511Z" level=info msg="Started reading CSV data"
time="2025-01-22T15:29:50.511Z" level=info msg="Worker 1 started processing batches"
time="2025-01-22T15:29:50.511Z" level=info msg="Worker 2 started processing batches"
time="2025-01-22T15:29:50.511Z" level=info msg="Worker 6 started processing batches"
time="2025-01-22T15:29:50.511Z" level=info msg="Worker 7 started processing batches"
time="2025-01-22T15:29:50.511Z" level=info msg="Worker 4 started processing batches"
time="2025-01-22T15:29:50.512Z" level=info msg="Worker 14 started processing batches"
time="2025-01-22T15:29:50.512Z" level=info msg="Worker 9 started processing batches"
time="2025-01-22T15:29:50.512Z" level=info msg="Worker 10 started processing batches"
time="2025-01-22T15:29:50.512Z" level=info msg="Worker 11 started processing batches"
time="2025-01-22T15:29:50.512Z" level=info msg="Worker 12 started processing batches"
time="2025-01-22T15:29:50.512Z" level=info msg="Worker 13 started processing batches"
time="2025-01-22T15:29:50.512Z" level=info msg="Worker 17 started processing batches"
time="2025-01-22T15:29:50.512Z" level=info msg="Worker 15 started processing batches"
time="2025-01-22T15:29:50.512Z" level=info msg="Worker 16 started processing batches"
time="2025-01-22T15:29:50.512Z" level=info msg="Worker 5 started processing batches"
time="2025-01-22T15:29:50.512Z" level=info msg="Worker 18 started processing batches"
time="2025-01-22T15:29:50.512Z" level=info msg="Worker 19 started processing batches"
time="2025-01-22T15:29:50.519Z" level=info msg="Upload completed successfully"
time="2025-01-22T15:34:19.351Z" level=info msg="Logger initialized successfully."
time="2025-01-22T15:34:19.379Z" level=info msg="Started reading CSV data"
time="2025-01-22T15:34:19.380Z" level=info msg="Worker 3 started processing batches"
time="2025-01-22T15:34:19.380Z" level=info msg="Worker 13 started processing batches"
time="2025-01-22T15:34:19.380Z" level=info msg="Worker 14 started processing batches"
time="2025-01-22T15:34:19.380Z" level=info msg="Worker 15 started processing batches"
time="2025-01-22T15:34:19.380Z" level=info msg="Worker 16 started processing batches"
time="2025-01-22T15:34:19.380Z" level=info msg="Worker 17 started processing batches"
time="2025-01-22T15:34:19.380Z" level=info msg="Worker 18 started processing batches"
time="2025-01-22T15:34:19.380Z" level=info msg="Worker 1 started processing batches"
time="2025-01-22T15:34:19.380Z" level=info msg="Worker 2 started processing batches"
time="2025-01-22T15:34:19.379Z" level=info msg="Worker 7 started processing batches"
time="2025-01-22T15:34:19.379Z" level=info msg="Worker 12 started processing batches"
time="2025-01-22T15:34:19.379Z" level=info msg="Worker 11 started processing batches"
time="2025-01-22T15:34:19.379Z" level=info msg="Worker 10 started processing batches"
time="2025-01-22T15:34:19.380Z" level=info msg="Worker 19 started processing batches"
time="2025-01-22T15:34:19.379Z" level=info msg="Worker 9 started processing batches"
time="2025-01-22T15:34:19.379Z" level=info msg="Worker 4 started processing batches"
time="2025-01-22T15:34:19.379Z" level=info msg="Worker 20 started processing batches"
time="2025-01-22T15:34:19.379Z" level=info msg="Worker 5 started processing batches"
time="2025-01-22T15:34:19.379Z" level=info msg="Worker 8 started processing batches"
time="2025-01-22T15:34:19.379Z" level=info msg="Worker 6 started processing batches"
time="2025-01-22T15:34:19.385Z" level=info msg="Upload completed successfully"
time="2025-01-22T15:43:26.710Z" level=info msg="Logger initialized successfully."
time="2025-01-22T15:43:26.779Z" level=info msg="Worker 20 started processing batches"
time="2025-01-22T15:43:26.781Z" level=info msg="Worker 9 started processing batches"
time="2025-01-22T15:43:26.781Z" level=info msg="Started reading CSV data"
time="2025-01-22T15:43:26.781Z" level=info msg="Worker 1 started processing batches"
time="2025-01-22T15:43:26.782Z" level=info msg="Worker 2 started processing batches"
time="2025-01-22T15:43:26.782Z" level=info msg="Worker 3 started processing batches"
time="2025-01-22T15:43:26.782Z" level=info msg="Worker 4 started processing batches"
time="2025-01-22T15:43:26.782Z" level=info msg="Worker 5 started processing batches"
time="2025-01-22T15:43:26.782Z" level=info msg="Worker 6 started processing batches"
time="2025-01-22T15:43:26.782Z" level=info msg="Worker 7 started processing batches"
time="2025-01-22T15:43:26.782Z" level=info msg="Worker 8 started processing batches"
time="2025-01-22T15:43:26.782Z" level=info msg="Worker 14 started processing batches"
time="2025-01-22T15:43:26.782Z" level=info msg="Worker 10 started processing batches"
time="2025-01-22T15:43:26.782Z" level=info msg="Worker 11 started processing batches"
time="2025-01-22T15:43:26.783Z" level=info msg="Worker 12 started processing batches"
time="2025-01-22T15:43:26.783Z" level=info msg="Worker 13 started processing batches"
time="2025-01-22T15:43:26.783Z" level=info msg="Worker 17 started processing batches"
time="2025-01-22T15:43:26.783Z" level=info msg="Worker 15 started processing batches"
time="2025-01-22T15:43:26.783Z" level=info msg="Worker 16 started processing batches"
time="2025-01-22T15:43:26.783Z" level=info msg="Worker 18 started processing batches"
time="2025-01-22T15:43:26.783Z" level=info msg="Worker 19 started processing batches"
time="2025-01-22T15:43:26.783Z" level=info msg="Upload completed successfully"
time="2025-01-22T15:45:32.620Z" level=info msg="Logger initialized successfully."
time="2025-01-22T15:45:32.643Z" level=info msg="Worker 20 started processing batches"
time="2025-01-22T15:45:32.643Z" level=info msg="Worker 9 started processing batches"
time="2025-01-22T15:45:32.644Z" level=info msg="Started reading CSV data"
time="2025-01-22T15:45:32.644Z" level=info msg="Worker 1 started processing batches"
time="2025-01-22T15:45:32.644Z" level=info msg="Worker 2 started processing batches"
time="2025-01-22T15:45:32.645Z" level=info msg="Worker 3 started processing batches"
time="2025-01-22T15:45:32.645Z" level=info msg="Worker 4 started processing batches"
time="2025-01-22T15:45:32.645Z" level=info msg="Worker 5 started processing batches"
time="2025-01-22T15:45:32.645Z" level=info msg="Worker 6 started processing batches"
time="2025-01-22T15:45:32.645Z" level=info msg="Worker 7 started processing batches"
time="2025-01-22T15:45:32.645Z" level=info msg="Worker 8 started processing batches"
time="2025-01-22T15:45:32.646Z" level=info msg="Worker 14 started processing batches"
time="2025-01-22T15:45:32.646Z" level=info msg="Worker 10 started processing batches"
time="2025-01-22T15:45:32.646Z" level=info msg="Worker 11 started processing batches"
time="2025-01-22T15:45:32.646Z" level=info msg="Worker 12 started processing batches"
time="2025-01-22T15:45:32.646Z" level=info msg="Worker 13 started processing batches"
time="2025-01-22T15:45:32.648Z" level=info msg="Worker 17 started processing batches"
time="2025-01-22T15:45:32.648Z" level=info msg="Worker 18 started processing batches"
time="2025-01-22T15:45:32.648Z" level=info msg="Worker 19 started processing batches"
time="2025-01-22T15:45:32.648Z" level=info msg="Worker 15 started processing batches"
time="2025-01-22T15:45:32.648Z" level=info msg="Worker 16 started processing batches"
time="2025-01-22T15:45:32.648Z" level=info msg="Upload completed successfully"
time="2025-01-22T15:49:49.954Z" level=info msg="Logger initialized successfully."
time="2025-01-22T15:49:49.964Z" level=info msg="Started reading CSV data"
time="2025-01-22T15:49:49.964Z" level=info msg="Worker 20 started processing batches"
time="2025-01-22T15:49:49.965Z" level=info msg="Worker 11 started processing batches"
time="2025-01-22T15:49:49.965Z" level=info msg="Worker 12 started processing batches"
time="2025-01-22T15:49:49.965Z" level=info msg="Worker 13 started processing batches"
time="2025-01-22T15:49:49.965Z" level=info msg="Worker 2 started processing batches"
time="2025-01-22T15:49:49.965Z" level=info msg="Worker 10 started processing batches"
time="2025-01-22T15:49:49.965Z" level=info msg="Worker 1 started processing batches"
time="2025-01-22T15:49:49.965Z" level=info msg="Worker 14 started processing batches"
time="2025-01-22T15:49:49.965Z" level=info msg="Worker 15 started processing batches"
time="2025-01-22T15:49:49.965Z" level=info msg="Worker 17 started processing batches"
time="2025-01-22T15:49:49.965Z" level=info msg="Worker 16 started processing batches"
time="2025-01-22T15:49:49.965Z" level=info msg="Worker 19 started processing batches"
time="2025-01-22T15:49:49.965Z" level=info msg="Worker 6 started processing batches"
time="2025-01-22T15:49:49.965Z" level=info msg="Worker 3 started processing batches"
time="2025-01-22T15:49:49.965Z" level=info msg="Worker 4 started processing batches"
time="2025-01-22T15:49:49.965Z" level=info msg="Worker 5 started processing batches"
time="2025-01-22T15:49:49.965Z" level=info msg="Worker 18 started processing batches"
time="2025-01-22T15:49:49.965Z" level=info msg="Worker 8 started processing batches"
time="2025-01-22T15:49:49.965Z" level=info msg="Worker 7 started processing batches"
time="2025-01-22T15:49:49.965Z" level=info msg="Worker 9 started processing batches"
time="2025-01-22T15:49:49.967Z" level=info msg="Upload completed successfully"
time="2025-01-22T16:00:27.789Z" level=info msg="Logger initialized successfully."
time="2025-01-22T16:00:27.808Z" level=info msg="Worker 15 started processing batches"
time="2025-01-22T16:00:27.808Z" level=info msg="Worker 6 started processing batches"
time="2025-01-22T16:00:27.808Z" level=info msg="Worker 11 started processing batches"
time="2025-01-22T16:00:27.808Z" level=info msg="Worker 10 started processing batches"
time="2025-01-22T16:00:27.808Z" level=info msg="Worker 7 started processing batches"
time="2025-01-22T16:00:27.808Z" level=info msg="Worker 8 started processing batches"
time="2025-01-22T16:00:27.808Z" level=info msg="Worker 9 started processing batches"
time="2025-01-22T16:00:27.808Z" level=info msg="Worker 13 started processing batches"
time="2025-01-22T16:00:27.808Z" level=info msg="Worker 12 started processing batches"
time="2025-01-22T16:00:27.808Z" level=info msg="Worker 14 started processing batches"
time="2025-01-22T16:00:27.808Z" level=info msg="Worker 2 started processing batches"
time="2025-01-22T16:00:27.808Z" level=info msg="Started reading CSV data"
time="2025-01-22T16:00:27.808Z" level=info msg="Worker 1 started processing batches"
time="2025-01-22T16:00:27.808Z" level=info msg="Worker 4 started processing batches"
time="2025-01-22T16:00:27.808Z" level=info msg="Worker 3 started processing batches"
time="2025-01-22T16:00:27.808Z" level=info msg="Worker 5 started processing batches"
time="2025-01-22T16:00:27.810Z" level=info msg="Upload completed successfully"
time="2025-01-22T16:00:58.856Z" level=info msg="Logger initialized successfully."
time="2025-01-22T16:00:58.864Z" level=info msg="Worker 15 started processing batches"
time="2025-01-22T16:00:58.865Z" level=info msg="Worker 7 started processing batches"
time="2025-01-22T16:00:58.865Z" level=info msg="Worker 8 started processing batches"
time="2025-01-22T16:00:58.865Z" level=info msg="Worker 9 started processing batches"
time="2025-01-22T16:00:58.865Z" level=info msg="Worker 10 started processing batches"
time="2025-01-22T16:00:58.865Z" level=info msg="Worker 11 started processing batches"
time="2025-01-22T16:00:58.865Z" level=info msg="Worker 12 started processing batches"
time="2025-01-22T16:00:58.865Z" level=info msg="Worker 13 started processing batches"
time="2025-01-22T16:00:58.865Z" level=info msg="Worker 14 started processing batches"
time="2025-01-22T16:00:58.865Z" level=info msg="Worker 6 started processing batches"
time="2025-01-22T16:00:58.865Z" level=info msg="Worker 1 started processing batches"
time="2025-01-22T16:00:58.865Z" level=info msg="Started reading CSV data"
time="2025-01-22T16:00:58.865Z" level=info msg="Worker 5 started processing batches"
time="2025-01-22T16:00:58.865Z" level=info msg="Worker 2 started processing batches"
time="2025-01-22T16:00:58.865Z" level=info msg="Worker 3 started processing batches"
time="2025-01-22T16:00:58.865Z" level=info msg="Worker 4 started processing batches"
time="2025-01-22T16:00:58.867Z" level=info msg="Upload completed successfully"
time="2025-01-22T16:22:00.511Z" level=info msg="Logger initialized successfully."
time="2025-01-22T16:22:00.686Z" level=info msg="Worker 15 started processing batches"
time="2025-01-22T16:22:00.689Z" level=info msg="Started reading CSV data"
time="2025-01-22T16:22:00.689Z" level=info msg="Worker 1 started processing batches"
time="2025-01-22T16:22:00.689Z" level=info msg="Worker 2 started processing batches"
time="2025-01-22T16:22:00.689Z" level=info msg="Worker 3 started processing batches"
time="2025-01-22T16:22:00.690Z" level=info msg="Worker 4 started processing batches"
time="2025-01-22T16:22:00.690Z" level=info msg="Worker 5 started processing batches"
time="2025-01-22T16:22:00.690Z" level=info msg="Worker 6 started processing batches"
time="2025-01-22T16:22:00.692Z" level=info msg="Worker 10 started processing batches"
time="2025-01-22T16:22:00.692Z" level=info msg="Worker 7 started processing batches"
time="2025-01-22T16:22:00.692Z" level=info msg="Worker 8 started processing batches"
time="2025-01-22T16:22:00.692Z" level=info msg="Worker 9 started processing batches"
time="2025-01-22T16:22:00.692Z" level=info msg="Worker 13 started processing batches"
time="2025-01-22T16:22:00.692Z" level=info msg="Worker 14 started processing batches"
time="2025-01-22T16:22:00.692Z" level=info msg="Worker 12 started processing batches"
time="2025-01-22T16:22:00.693Z" level=info msg="Worker 11 started processing batches"
time="2025-01-22T16:22:00.701Z" level=info msg="Upload completed successfully"
time="2025-01-22T16:23:00.793Z" level=info msg="Logger initialized successfully."
time="2025-01-22T16:23:00.869Z" level=info msg="Worker 15 started processing batches"
time="2025-01-22T16:23:00.871Z" level=info msg="Worker 7 started processing batches"
time="2025-01-22T16:23:00.872Z" level=info msg="Started reading CSV data"
time="2025-01-22T16:23:00.872Z" level=info msg="Worker 1 started processing batches"
time="2025-01-22T16:23:00.872Z" level=info msg="Worker 2 started processing batches"
time="2025-01-22T16:23:00.872Z" level=info msg="Worker 3 started processing batches"
time="2025-01-22T16:23:00.873Z" level=info msg="Worker 4 started processing batches"
time="2025-01-22T16:23:00.873Z" level=info msg="Worker 5 started processing batches"
time="2025-01-22T16:23:00.873Z" level=info msg="Worker 6 started processing batches"
time="2025-01-22T16:23:00.874Z" level=info msg="Worker 11 started processing batches"
time="2025-01-22T16:23:00.874Z" level=info msg="Worker 8 started processing batches"
time="2025-01-22T16:23:00.874Z" level=info msg="Worker 9 started processing batches"
time="2025-01-22T16:23:00.874Z" level=info msg="Worker 10 started processing batches"
time="2025-01-22T16:23:00.874Z" level=info msg="Worker 13 started processing batches"
time="2025-01-22T16:23:00.874Z" level=info msg="Worker 12 started processing batches"
time="2025-01-22T16:23:00.874Z" level=info msg="Worker 14 started processing batches"
time="2025-01-22T16:23:00.875Z" level=info msg="Upload completed successfully"
time="2025-01-22T16:26:46.158Z" level=info msg="Logger initialized successfully."
time="2025-01-22T16:26:46.198Z" level=info msg="Worker 15 started processing batches"
time="2025-01-22T16:26:46.203Z" level=info msg="Worker 7 started processing batches"
time="2025-01-22T16:26:46.203Z" level=info msg="Worker 4 started processing batches"
time="2025-01-22T16:26:46.203Z" level=info msg="Worker 3 started processing batches"
time="2025-01-22T16:26:46.203Z" level=info msg="Worker 11 started processing batches"
time="2025-01-22T16:26:46.203Z" level=info msg="Worker 1 started processing batches"
time="2025-01-22T16:26:46.203Z" level=info msg="Worker 2 started processing batches"
time="2025-01-22T16:26:46.203Z" level=info msg="Started reading CSV data"
time="2025-01-22T16:26:46.203Z" level=info msg="Worker 8 started processing batches"
time="2025-01-22T16:26:46.203Z" level=info msg="Worker 10 started processing batches"
time="2025-01-22T16:26:46.203Z" level=info msg="Worker 13 started processing batches"
time="2025-01-22T16:26:46.203Z" level=info msg="Worker 12 started processing batches"
time="2025-01-22T16:26:46.203Z" level=info msg="Worker 5 started processing batches"
time="2025-01-22T16:26:46.203Z" level=info msg="Worker 14 started processing batches"
time="2025-01-22T16:26:46.203Z" level=info msg="Worker 9 started processing batches"
time="2025-01-22T16:26:46.203Z" level=info msg="Worker 6 started processing batches"
time="2025-01-22T16:26:46.206Z" level=info msg="Upload completed successfully"
time="2025-01-22T16:29:02.993Z" level=info msg="Logger initialized successfully."
time="2025-01-22T16:29:03.007Z" level=info msg="Worker 15 started processing batches"
time="2025-01-22T16:29:03.007Z" level=info msg="Worker 7 started processing batches"
time="2025-01-22T16:29:03.008Z" level=info msg="Worker 13 started processing batches"
time="2025-01-22T16:29:03.007Z" level=info msg="Worker 3 started processing batches"
time="2025-01-22T16:29:03.007Z" level=info msg="Worker 2 started processing batches"
time="2025-01-22T16:29:03.007Z" level=info msg="Worker 5 started processing batches"
time="2025-01-22T16:29:03.008Z" level=info msg="Worker 12 started processing batches"
time="2025-01-22T16:29:03.007Z" level=info msg="Worker 11 started processing batches"
time="2025-01-22T16:29:03.007Z" level=info msg="Worker 6 started processing batches"
time="2025-01-22T16:29:03.007Z" level=info msg="Worker 1 started processing batches"
time="2025-01-22T16:29:03.007Z" level=info msg="Worker 8 started processing batches"
time="2025-01-22T16:29:03.007Z" level=info msg="Worker 10 started processing batches"
time="2025-01-22T16:29:03.008Z" level=info msg="Started reading CSV data"
time="2025-01-22T16:29:03.008Z" level=info msg="Worker 14 started processing batches"
time="2025-01-22T16:29:03.007Z" level=info msg="Worker 9 started processing batches"
time="2025-01-22T16:29:03.007Z" level=info msg="Worker 4 started processing batches"
time="2025-01-22T16:29:03.010Z" level=info msg="Upload completed successfully"
