2025-01-17 15:41:33 - [INFO] Logger initialized successfully.
2025-01-17 15:43:53 - [INFO] Logger initialized successfully.
2025-01-17 15:51:29 - [INFO] Logger initialized successfully.
2025-01-17 15:54:03 - [INFO] Logger initialized successfully.
2025-01-17 16:05:45 - [INFO] Logger initialized successfully.
time="2025-01-17T17:19:03+05:30" level=info msg="Logger initialized successfully."
time="2025-01-17T17:23:57+05:30" level=info msg="Logger initialized successfully."
time="2025-01-17T17:24:56.154Z" level=info msg="Logger initialized successfully."
time="2025-01-17T17:25:07.594Z" level=info msg="Logger initialized successfully."
time="2025-01-17T17:35:20.349Z" level=info msg="Logger initialized successfully."
time="2025-01-17T17:38:42.889Z" level=info msg="Logger initialized successfully."
time="2025-01-17T17:42:15.482Z" level=info msg="Logger initialized successfully."
time="2025-01-17T17:50:39.447Z" level=info msg="Logger initialized successfully."
time="2025-01-17T17:51:24.457Z" level=info msg="Logger initialized successfully."
time="2025-01-17T17:53:11.335Z" level=info msg="Logger initialized successfully."
time="2025-01-17T17:59:00.850Z" level=info msg="Logger initialized successfully."
time="2025-01-17T18:00:50.110Z" level=info msg="Logger initialized successfully."
time="2025-01-17T18:10:04.403Z" level=info msg="Logger initialized successfully."
time="2025-01-17T18:10:43.543Z" level=info msg="Logger initialized successfully."
time="2025-01-17T18:11:17.864Z" level=info msg="Logger initialized successfully."
time="2025-01-17T18:12:19.670Z" level=info msg="Logger initialized successfully."
time="2025-01-17T18:13:05.979Z" level=info msg="Logger initialized successfully."
time="2025-01-17T18:14:47.165Z" level=info msg="Logger initialized successfully."
time="2025-01-17T18:15:31.192Z" level=info msg="Logger initialized successfully."
time="2025-01-17T18:16:55.731Z" level=info msg="Logger initialized successfully."
time="2025-01-20T09:03:06.398Z" level=info msg="Logger initialized successfully."
time="2025-01-20T09:20:15.163Z" level=info msg="Logger initialized successfully."
time="2025-01-20T09:54:05.826Z" level=info msg="Logger initialized successfully."
time="2025-01-20T09:54:49.474Z" level=info msg="Logger initialized successfully."
time="2025-01-20T10:43:20.762Z" level=info msg="Logger initialized successfully."
time="2025-01-20T10:48:04.351Z" level=info msg="Logger initialized successfully."
time="2025-01-20T10:48:27.374Z" level=info msg="Logger initialized successfully."
time="2025-01-20T10:48:47.951Z" level=info msg="Logger initialized successfully."
time="2025-01-20T10:52:22.880Z" level=info msg="Logger initialized successfully."
time="2025-01-20T10:55:29.164Z" level=info msg="Logger initialized successfully."
time="2025-01-20T10:55:39.467Z" level=info msg="Logger initialized successfully."
time="2025-01-20T10:55:39.467Z" level=info msg="Starting server on port 4041..."
time="2025-01-20T10:56:05.057Z" level=info msg="Logger initialized successfully."
time="2025-01-20T10:56:20.073Z" level=info msg="Logger initialized successfully."
time="2025-01-20T10:56:20.073Z" level=info msg="Starting server on port 4041..."
time="2025-01-20T11:03:23.052Z" level=info msg="Logger initialized successfully."
time="2025-01-20T11:03:23.053Z" level=info msg="Starting server on port 4041..."
time="2025-01-20T11:03:27.563Z" level=info msg="Logger initialized successfully."
time="2025-01-20T11:47:55.441Z" level=info msg="Logger initialized successfully."
time="2025-01-20T11:54:00.712Z" level=info msg="Logger initialized successfully."
time="2025-01-20T12:02:32.111Z" level=info msg="Logger initialized successfully."
time="2025-01-20T12:16:22.530Z" level=info msg="Logger initialized successfully."
time="2025-01-20T12:19:24.825Z" level=info msg="Logger initialized successfully."
time="2025-01-20T12:34:51.030Z" level=info msg="Logger initialized successfully."
time="2025-01-20T12:35:54.621Z" level=info msg="Logger initialized successfully."
time="2025-01-20T13:38:37.690Z" level=info msg="Logger initialized successfully."
time="2025-01-20T13:39:02.702Z" level=info msg="Logger initialized successfully."
time="2025-01-20T13:39:29.574Z" level=info msg="Logger initialized successfully."
time="2025-01-20T13:46:11.232Z" level=info msg="Logger initialized successfully."
time="2025-01-20T13:59:01.747Z" level=info msg="Logger initialized successfully."
time="2025-01-20T15:48:00.832Z" level=info msg="Logger initialized successfully."
time="2025-01-20T15:52:31.802Z" level=info msg="Logger initialized successfully."
time="2025-01-20T15:54:03.163Z" level=info msg="Logger initialized successfully."
time="2025-01-20T16:49:40.032Z" level=info msg="Logger initialized successfully."
time="2025-01-20T16:49:47.537Z" level=info msg="Logger initialized successfully."
time="2025-01-20T17:27:19.480Z" level=info msg="Logger initialized successfully."
time="2025-01-21T09:28:32.241Z" level=info msg="Logger initialized successfully."
time="2025-01-21T10:59:26.598Z" level=info msg="Logger initialized successfully."
time="2025-01-21T12:16:23.859Z" level=info msg="Logger initialized successfully."
time="2025-01-21T12:19:50.057Z" level=info msg="Logger initialized successfully."
time="2025-01-21T13:52:45.399Z" level=info msg="Logger initialized successfully."
time="2025-01-21T14:41:46.521Z" level=info msg="Logger initialized successfully."
time="2025-01-21T14:42:27.321Z" level=info msg="Logger initialized successfully."
time="2025-01-21T14:44:33.192Z" level=info msg="Logger initialized successfully."
time="2025-01-21T15:13:41.201Z" level=info msg="Logger initialized successfully."
time="2025-01-22T12:08:47.247Z" level=info msg="Logger initialized successfully."
time="2025-01-22T12:45:14.373Z" level=info msg="Logger initialized successfully."
time="2025-01-22T12:51:44.197Z" level=info msg="Logger initialized successfully."
time="2025-01-22T13:40:04.127Z" level=info msg="Logger initialized successfully."
time="2025-01-22T13:51:36.998Z" level=info msg="Logger initialized successfully."
time="2025-01-22T14:00:41.719Z" level=info msg="Logger initialized successfully."
time="2025-01-22T14:08:28.215Z" level=info msg="Logger initialized successfully."
time="2025-01-22T14:11:01.438Z" level=info msg="Logger initialized successfully."
time="2025-01-22T15:06:11.663Z" level=info msg="Logger initialized successfully."
time="2025-01-22T15:06:12.232Z" level=info msg="Started reading CSV data"
time="2025-01-22T15:06:12.232Z" level=info msg="Worker 20 started processing batches"
time="2025-01-22T15:06:12.232Z" level=info msg="Worker 1 started processing batches"
time="2025-01-22T15:06:12.232Z" level=info msg="Worker 2 started processing batches"
time="2025-01-22T15:06:12.232Z" level=info msg="Worker 3 started processing batches"
time="2025-01-22T15:06:12.232Z" level=info msg="Worker 4 started processing batches"
time="2025-01-22T15:06:12.232Z" level=info msg="Worker 5 started processing batches"
time="2025-01-22T15:06:12.232Z" level=info msg="Worker 6 started processing batches"
time="2025-01-22T15:06:12.232Z" level=info msg="Worker 7 started processing batches"
time="2025-01-22T15:06:12.232Z" level=info msg="Worker 8 started processing batches"
time="2025-01-22T15:06:12.232Z" level=info msg="Worker 9 started processing batches"
time="2025-01-22T15:06:12.232Z" level=info msg="Worker 10 started processing batches"
time="2025-01-22T15:06:12.232Z" level=info msg="Worker 11 started processing batches"
time="2025-01-22T15:06:12.232Z" level=info msg="Worker 12 started processing batches"
time="2025-01-22T15:06:12.232Z" level=info msg="Worker 13 started processing batches"
time="2025-01-22T15:06:12.232Z" level=info msg="Worker 14 started processing batches"
time="2025-01-22T15:06:12.232Z" level=info msg="Worker 15 started processing batches"
time="2025-01-22T15:06:12.232Z" level=info msg="Worker 16 started processing batches"
time="2025-01-22T15:06:12.232Z" level=info msg="Worker 17 started processing batches"
time="2025-01-22T15:06:12.232Z" level=info msg="Worker 18 started processing batches"
time="2025-01-22T15:06:12.232Z" level=info msg="Worker 19 started processing batches"
time="2025-01-22T15:06:12.235Z" level=info msg="Upload completed successfully"
time="2025-01-22T15:13:33.236Z" level=info msg="Logger initialized successfully."
time="2025-01-22T15:13:34.206Z" level=info msg="Worker 1 started processing batches"
time="2025-01-22T15:13:34.207Z" level=info msg="Worker 13 started processing batches"
time="2025-01-22T15:13:34.207Z" level=info msg="Worker 20 started processing batches"
time="2025-01-22T15:13:34.207Z" level=info msg="Worker 11 started processing batches"
time="2025-01-22T15:13:34.207Z" level=info msg="Worker 12 started processing batches"
time="2025-01-22T15:13:34.207Z" level=info msg="Worker 10 started processing batches"
time="2025-01-22T15:13:34.207Z" level=info msg="Worker 2 started processing batches"
time="2025-01-22T15:13:34.207Z" level=info msg="Worker 3 started processing batches"
time="2025-01-22T15:13:34.207Z" level=info msg="Worker 4 started processing batches"
time="2025-01-22T15:13:34.211Z" level=info msg="Started reading CSV data"
time="2025-01-22T15:13:34.207Z" level=info msg="Worker 6 started processing batches"
time="2025-01-22T15:13:34.207Z" level=info msg="Worker 8 started processing batches"
time="2025-01-22T15:13:34.207Z" level=info msg="Worker 9 started processing batches"
time="2025-01-22T15:13:34.207Z" level=info msg="Worker 16 started processing batches"
time="2025-01-22T15:13:34.207Z" level=info msg="Worker 14 started processing batches"
time="2025-01-22T15:13:34.207Z" level=info msg="Worker 15 started processing batches"
time="2025-01-22T15:13:34.207Z" level=info msg="Worker 18 started processing batches"
time="2025-01-22T15:13:34.207Z" level=info msg="Worker 17 started processing batches"
time="2025-01-22T15:13:34.207Z" level=info msg="Worker 5 started processing batches"
time="2025-01-22T15:13:34.211Z" level=info msg="Worker 19 started processing batches"
time="2025-01-22T15:13:34.207Z" level=info msg="Worker 7 started processing batches"
time="2025-01-22T15:13:34.221Z" level=info msg="Upload completed successfully"
time="2025-01-22T15:16:19.075Z" level=info msg="Logger initialized successfully."
time="2025-01-22T15:16:19.735Z" level=info msg="Worker 20 started processing batches"
time="2025-01-22T15:16:19.735Z" level=info msg="Worker 7 started processing batches"
time="2025-01-22T15:16:19.735Z" level=info msg="Worker 12 started processing batches"
time="2025-01-22T15:16:19.736Z" level=info msg="Worker 9 started processing batches"
time="2025-01-22T15:16:19.735Z" level=info msg="Worker 10 started processing batches"
time="2025-01-22T15:16:19.735Z" level=info msg="Worker 8 started processing batches"
time="2025-01-22T15:16:19.735Z" level=info msg="Worker 18 started processing batches"
time="2025-01-22T15:16:19.735Z" level=info msg="Worker 15 started processing batches"
time="2025-01-22T15:16:19.735Z" level=info msg="Worker 16 started processing batches"
time="2025-01-22T15:16:19.735Z" level=info msg="Worker 13 started processing batches"
time="2025-01-22T15:16:19.735Z" level=info msg="Worker 14 started processing batches"
time="2025-01-22T15:16:19.735Z" level=info msg="Worker 6 started processing batches"
time="2025-01-22T15:16:19.735Z" level=info msg="Worker 17 started processing batches"
time="2025-01-22T15:16:19.735Z" level=info msg="Worker 1 started processing batches"
time="2025-01-22T15:16:19.735Z" level=info msg="Worker 11 started processing batches"
time="2025-01-22T15:16:19.735Z" level=info msg="Worker 3 started processing batches"
time="2025-01-22T15:16:19.735Z" level=info msg="Started reading CSV data"
time="2025-01-22T15:16:19.735Z" level=info msg="Worker 5 started processing batches"
time="2025-01-22T15:16:19.735Z" level=info msg="Worker 2 started processing batches"
time="2025-01-22T15:16:19.735Z" level=info msg="Worker 4 started processing batches"
time="2025-01-22T15:16:19.735Z" level=info msg="Worker 19 started processing batches"
time="2025-01-22T15:16:19.747Z" level=info msg="Upload completed successfully"
time="2025-01-22T15:27:12.076Z" level=info msg="Logger initialized successfully."
time="2025-01-22T15:27:12.667Z" level=info msg="Worker 20 started processing batches"
time="2025-01-22T15:27:12.667Z" level=info msg="Worker 8 started processing batches"
time="2025-01-22T15:27:12.668Z" level=info msg="Worker 2 started processing batches"
time="2025-01-22T15:27:12.667Z" level=info msg="Worker 4 started processing batches"
time="2025-01-22T15:27:12.668Z" level=info msg="Worker 5 started processing batches"
time="2025-01-22T15:27:12.668Z" level=info msg="Worker 6 started processing batches"
time="2025-01-22T15:27:12.668Z" level=info msg="Worker 7 started processing batches"
time="2025-01-22T15:27:12.668Z" level=info msg="Worker 14 started processing batches"
time="2025-01-22T15:27:12.668Z" level=info msg="Worker 9 started processing batches"
time="2025-01-22T15:27:12.668Z" level=info msg="Worker 10 started processing batches"
time="2025-01-22T15:27:12.668Z" level=info msg="Worker 11 started processing batches"
time="2025-01-22T15:27:12.668Z" level=info msg="Worker 12 started processing batches"
time="2025-01-22T15:27:12.668Z" level=info msg="Worker 13 started processing batches"
time="2025-01-22T15:27:12.667Z" level=info msg="Worker 3 started processing batches"
time="2025-01-22T15:27:12.668Z" level=info msg="Worker 17 started processing batches"
time="2025-01-22T15:27:12.668Z" level=info msg="Started reading CSV data"
time="2025-01-22T15:27:12.668Z" level=info msg="Worker 1 started processing batches"
time="2025-01-22T15:27:12.668Z" level=info msg="Worker 16 started processing batches"
time="2025-01-22T15:27:12.668Z" level=info msg="Worker 15 started processing batches"
time="2025-01-22T15:27:12.668Z" level=info msg="Worker 18 started processing batches"
time="2025-01-22T15:27:12.668Z" level=info msg="Worker 19 started processing batches"
time="2025-01-22T15:27:12.670Z" level=info msg="Upload completed successfully"
time="2025-01-22T15:29:50.433Z" level=info msg="Logger initialized successfully."
time="2025-01-22T15:29:51.607Z" level=info msg="Worker 20 started processing batches"
time="2025-01-22T15:29:51.608Z" level=info msg="Started reading CSV data"
time="2025-01-22T15:29:51.608Z" level=info msg="Worker 10 started processing batches"
time="2025-01-22T15:29:51.608Z" level=info msg="Worker 1 started processing batches"
time="2025-01-22T15:29:51.608Z" level=info msg="Worker 2 started processing batches"
time="2025-01-22T15:29:51.608Z" level=info msg="Worker 3 started processing batches"
time="2025-01-22T15:29:51.608Z" level=info msg="Worker 4 started processing batches"
time="2025-01-22T15:29:51.608Z" level=info msg="Worker 5 started processing batches"
time="2025-01-22T15:29:51.608Z" level=info msg="Worker 6 started processing batches"
time="2025-01-22T15:29:51.608Z" level=info msg="Worker 7 started processing batches"
time="2025-01-22T15:29:51.608Z" level=info msg="Worker 8 started processing batches"
time="2025-01-22T15:29:51.608Z" level=info msg="Worker 9 started processing batches"
time="2025-01-22T15:29:51.608Z" level=info msg="Worker 15 started processing batches"
time="2025-01-22T15:29:51.608Z" level=info msg="Worker 11 started processing batches"
time="2025-01-22T15:29:51.608Z" level=info msg="Worker 12 started processing batches"
time="2025-01-22T15:29:51.608Z" level=info msg="Worker 13 started processing batches"
time="2025-01-22T15:29:51.608Z" level=info msg="Worker 14 started processing batches"
time="2025-01-22T15:29:51.608Z" level=info msg="Worker 17 started processing batches"
time="2025-01-22T15:29:51.608Z" level=info msg="Worker 16 started processing batches"
time="2025-01-22T15:29:51.608Z" level=info msg="Worker 18 started processing batches"
time="2025-01-22T15:29:51.608Z" level=info msg="Worker 19 started processing batches"
time="2025-01-22T15:29:51.612Z" level=info msg="Upload completed successfully"
time="2025-01-22T15:34:19.379Z" level=info msg="Logger initialized successfully."
time="2025-01-22T15:34:20.256Z" level=info msg="Worker 1 started processing batches"
time="2025-01-22T15:34:20.256Z" level=info msg="Worker 20 started processing batches"
time="2025-01-22T15:34:20.256Z" level=info msg="Worker 2 started processing batches"
time="2025-01-22T15:34:20.256Z" level=info msg="Worker 3 started processing batches"
time="2025-01-22T15:34:20.256Z" level=info msg="Worker 4 started processing batches"
time="2025-01-22T15:34:20.258Z" level=info msg="Started reading CSV data"
time="2025-01-22T15:34:20.256Z" level=info msg="Worker 5 started processing batches"
time="2025-01-22T15:34:20.257Z" level=info msg="Worker 12 started processing batches"
time="2025-01-22T15:34:20.257Z" level=info msg="Worker 18 started processing batches"
time="2025-01-22T15:34:20.257Z" level=info msg="Worker 16 started processing batches"
time="2025-01-22T15:34:20.256Z" level=info msg="Worker 7 started processing batches"
time="2025-01-22T15:34:20.257Z" level=info msg="Worker 14 started processing batches"
time="2025-01-22T15:34:20.257Z" level=info msg="Worker 13 started processing batches"
time="2025-01-22T15:34:20.256Z" level=info msg="Worker 6 started processing batches"
time="2025-01-22T15:34:20.257Z" level=info msg="Worker 17 started processing batches"
time="2025-01-22T15:34:20.257Z" level=info msg="Worker 10 started processing batches"
time="2025-01-22T15:34:20.256Z" level=info msg="Worker 9 started processing batches"
time="2025-01-22T15:34:20.257Z" level=info msg="Worker 11 started processing batches"
time="2025-01-22T15:34:20.257Z" level=info msg="Worker 19 started processing batches"
time="2025-01-22T15:34:20.257Z" level=info msg="Worker 15 started processing batches"
time="2025-01-22T15:34:20.256Z" level=info msg="Worker 8 started processing batches"
time="2025-01-22T15:34:20.261Z" level=info msg="Upload completed successfully"
time="2025-01-22T15:39:41.677Z" level=info msg="Logger initialized successfully."
time="2025-01-22T15:39:42.983Z" level=info msg="Worker 20 started processing batches"
time="2025-01-22T15:39:42.983Z" level=info msg="Worker 9 started processing batches"
time="2025-01-22T15:39:42.984Z" level=info msg="Worker 15 started processing batches"
time="2025-01-22T15:39:42.984Z" level=info msg="Worker 16 started processing batches"
time="2025-01-22T15:39:42.985Z" level=info msg="Worker 17 started processing batches"
time="2025-01-22T15:39:42.985Z" level=info msg="Worker 14 started processing batches"
time="2025-01-22T15:39:42.985Z" level=info msg="Worker 10 started processing batches"
time="2025-01-22T15:39:42.985Z" level=info msg="Worker 11 started processing batches"
time="2025-01-22T15:39:42.985Z" level=info msg="Worker 12 started processing batches"
time="2025-01-22T15:39:42.985Z" level=info msg="Worker 13 started processing batches"
time="2025-01-22T15:39:42.985Z" level=info msg="Worker 18 started processing batches"
time="2025-01-22T15:39:42.985Z" level=info msg="Worker 4 started processing batches"
time="2025-01-22T15:39:42.985Z" level=info msg="Started reading CSV data"
time="2025-01-22T15:39:42.985Z" level=info msg="Worker 1 started processing batches"
time="2025-01-22T15:39:42.985Z" level=info msg="Worker 8 started processing batches"
time="2025-01-22T15:39:42.985Z" level=info msg="Worker 19 started processing batches"
time="2025-01-22T15:39:42.985Z" level=info msg="Worker 2 started processing batches"
time="2025-01-22T15:39:42.985Z" level=info msg="Worker 7 started processing batches"
time="2025-01-22T15:39:42.985Z" level=info msg="Worker 3 started processing batches"
time="2025-01-22T15:39:42.985Z" level=info msg="Worker 5 started processing batches"
time="2025-01-22T15:39:42.985Z" level=info msg="Worker 6 started processing batches"
time="2025-01-22T15:39:42.993Z" level=info msg="Upload completed successfully"
time="2025-01-22T15:43:26.693Z" level=info msg="Logger initialized successfully."
time="2025-01-22T15:43:28.260Z" level=info msg="Worker 20 started processing batches"
time="2025-01-22T15:43:28.261Z" level=info msg="Worker 9 started processing batches"
time="2025-01-22T15:43:28.262Z" level=info msg="Started reading CSV data"
time="2025-01-22T15:43:28.262Z" level=info msg="Worker 1 started processing batches"
time="2025-01-22T15:43:28.263Z" level=info msg="Worker 2 started processing batches"
time="2025-01-22T15:43:28.263Z" level=info msg="Worker 3 started processing batches"
time="2025-01-22T15:43:28.263Z" level=info msg="Worker 14 started processing batches"
time="2025-01-22T15:43:28.263Z" level=info msg="Worker 10 started processing batches"
time="2025-01-22T15:43:28.263Z" level=info msg="Worker 11 started processing batches"
time="2025-01-22T15:43:28.263Z" level=info msg="Worker 12 started processing batches"
time="2025-01-22T15:43:28.263Z" level=info msg="Worker 7 started processing batches"
time="2025-01-22T15:43:28.263Z" level=info msg="Worker 17 started processing batches"
time="2025-01-22T15:43:28.263Z" level=info msg="Worker 13 started processing batches"
time="2025-01-22T15:43:28.263Z" level=info msg="Worker 6 started processing batches"
time="2025-01-22T15:43:28.263Z" level=info msg="Worker 4 started processing batches"
time="2025-01-22T15:43:28.263Z" level=info msg="Worker 5 started processing batches"
time="2025-01-22T15:43:28.263Z" level=info msg="Worker 18 started processing batches"
time="2025-01-22T15:43:28.263Z" level=info msg="Worker 8 started processing batches"
time="2025-01-22T15:43:28.263Z" level=info msg="Worker 15 started processing batches"
time="2025-01-22T15:43:28.263Z" level=info msg="Worker 16 started processing batches"
time="2025-01-22T15:43:28.263Z" level=info msg="Worker 19 started processing batches"
time="2025-01-22T15:43:28.268Z" level=info msg="Upload completed successfully"
time="2025-01-22T15:45:32.574Z" level=info msg="Logger initialized successfully."
time="2025-01-22T15:45:33.676Z" level=info msg="Worker 20 started processing batches"
time="2025-01-22T15:45:33.676Z" level=info msg="Started reading CSV data"
time="2025-01-22T15:45:33.676Z" level=info msg="Worker 1 started processing batches"
time="2025-01-22T15:45:33.677Z" level=info msg="Worker 2 started processing batches"
time="2025-01-22T15:45:33.677Z" level=info msg="Worker 3 started processing batches"
time="2025-01-22T15:45:33.677Z" level=info msg="Worker 12 started processing batches"
time="2025-01-22T15:45:33.677Z" level=info msg="Worker 15 started processing batches"
time="2025-01-22T15:45:33.677Z" level=info msg="Worker 11 started processing batches"
time="2025-01-22T15:45:33.677Z" level=info msg="Worker 4 started processing batches"
time="2025-01-22T15:45:33.677Z" level=info msg="Worker 5 started processing batches"
time="2025-01-22T15:45:33.677Z" level=info msg="Worker 6 started processing batches"
time="2025-01-22T15:45:33.677Z" level=info msg="Worker 7 started processing batches"
time="2025-01-22T15:45:33.677Z" level=info msg="Worker 8 started processing batches"
time="2025-01-22T15:45:33.677Z" level=info msg="Worker 9 started processing batches"
time="2025-01-22T15:45:33.677Z" level=info msg="Worker 10 started processing batches"
time="2025-01-22T15:45:33.677Z" level=info msg="Worker 16 started processing batches"
time="2025-01-22T15:45:33.677Z" level=info msg="Worker 19 started processing batches"
time="2025-01-22T15:45:33.677Z" level=info msg="Worker 14 started processing batches"
time="2025-01-22T15:45:33.677Z" level=info msg="Worker 13 started processing batches"
time="2025-01-22T15:45:33.677Z" level=info msg="Worker 17 started processing batches"
time="2025-01-22T15:45:33.677Z" level=info msg="Worker 18 started processing batches"
time="2025-01-22T15:45:33.679Z" level=info msg="Upload completed successfully"
time="2025-01-22T15:49:49.766Z" level=info msg="Logger initialized successfully."
time="2025-01-22T15:49:50.624Z" level=info msg="Worker 20 started processing batches"
time="2025-01-22T15:49:50.624Z" level=info msg="Worker 8 started processing batches"
time="2025-01-22T15:49:50.625Z" level=info msg="Worker 15 started processing batches"
time="2025-01-22T15:49:50.625Z" level=info msg="Started reading CSV data"
time="2025-01-22T15:49:50.625Z" level=info msg="Worker 18 started processing batches"
time="2025-01-22T15:49:50.625Z" level=info msg="Worker 2 started processing batches"
time="2025-01-22T15:49:50.625Z" level=info msg="Worker 3 started processing batches"
time="2025-01-22T15:49:50.625Z" level=info msg="Worker 4 started processing batches"
time="2025-01-22T15:49:50.625Z" level=info msg="Worker 5 started processing batches"
time="2025-01-22T15:49:50.626Z" level=info msg="Worker 14 started processing batches"
time="2025-01-22T15:49:50.625Z" level=info msg="Worker 6 started processing batches"
time="2025-01-22T15:49:50.625Z" level=info msg="Worker 7 started processing batches"
time="2025-01-22T15:49:50.625Z" level=info msg="Worker 17 started processing batches"
time="2025-01-22T15:49:50.625Z" level=info msg="Worker 16 started processing batches"
time="2025-01-22T15:49:50.625Z" level=info msg="Worker 11 started processing batches"
time="2025-01-22T15:49:50.625Z" level=info msg="Worker 9 started processing batches"
time="2025-01-22T15:49:50.625Z" level=info msg="Worker 10 started processing batches"
time="2025-01-22T15:49:50.625Z" level=info msg="Worker 12 started processing batches"
time="2025-01-22T15:49:50.625Z" level=info msg="Worker 13 started processing batches"
time="2025-01-22T15:49:50.625Z" level=info msg="Worker 1 started processing batches"
time="2025-01-22T15:49:50.625Z" level=info msg="Worker 19 started processing batches"
time="2025-01-22T15:49:50.630Z" level=info msg="Upload completed successfully"
time="2025-01-22T16:00:27.806Z" level=info msg="Logger initialized successfully."
time="2025-01-22T16:00:28.285Z" level=info msg="Worker 15 started processing batches"
time="2025-01-22T16:00:28.285Z" level=info msg="Worker 6 started processing batches"
time="2025-01-22T16:00:28.285Z" level=info msg="Worker 14 started processing batches"
time="2025-01-22T16:00:28.285Z" level=info msg="Worker 10 started processing batches"
time="2025-01-22T16:00:28.285Z" level=info msg="Worker 2 started processing batches"
time="2025-01-22T16:00:28.285Z" level=info msg="Worker 5 started processing batches"
time="2025-01-22T16:00:28.285Z" level=info msg="Worker 12 started processing batches"
time="2025-01-22T16:00:28.285Z" level=info msg="Started reading CSV data"
time="2025-01-22T16:00:28.285Z" level=info msg="Worker 1 started processing batches"
time="2025-01-22T16:00:28.285Z" level=info msg="Worker 4 started processing batches"
time="2025-01-22T16:00:28.285Z" level=info msg="Worker 3 started processing batches"
time="2025-01-22T16:00:28.285Z" level=info msg="Worker 9 started processing batches"
time="2025-01-22T16:00:28.285Z" level=info msg="Worker 7 started processing batches"
time="2025-01-22T16:00:28.285Z" level=info msg="Worker 8 started processing batches"
time="2025-01-22T16:00:28.285Z" level=info msg="Worker 13 started processing batches"
time="2025-01-22T16:00:28.285Z" level=info msg="Worker 11 started processing batches"
time="2025-01-22T16:00:28.290Z" level=info msg="Upload completed successfully"
time="2025-01-22T16:00:58.859Z" level=info msg="Logger initialized successfully."
time="2025-01-22T16:00:59.120Z" level=info msg="Worker 15 started processing batches"
time="2025-01-22T16:00:59.120Z" level=info msg="Worker 6 started processing batches"
time="2025-01-22T16:00:59.120Z" level=info msg="Worker 7 started processing batches"
time="2025-01-22T16:00:59.120Z" level=info msg="Worker 12 started processing batches"
time="2025-01-22T16:00:59.120Z" level=info msg="Worker 14 started processing batches"
time="2025-01-22T16:00:59.120Z" level=info msg="Worker 11 started processing batches"
time="2025-01-22T16:00:59.120Z" level=info msg="Worker 8 started processing batches"
time="2025-01-22T16:00:59.120Z" level=info msg="Worker 9 started processing batches"
time="2025-01-22T16:00:59.120Z" level=info msg="Worker 10 started processing batches"
time="2025-01-22T16:00:59.120Z" level=info msg="Worker 2 started processing batches"
time="2025-01-22T16:00:59.120Z" level=info msg="Started reading CSV data"
time="2025-01-22T16:00:59.120Z" level=info msg="Worker 1 started processing batches"
time="2025-01-22T16:00:59.120Z" level=info msg="Worker 5 started processing batches"
time="2025-01-22T16:00:59.120Z" level=info msg="Worker 13 started processing batches"
time="2025-01-22T16:00:59.120Z" level=info msg="Worker 4 started processing batches"
time="2025-01-22T16:00:59.120Z" level=info msg="Worker 3 started processing batches"
time="2025-01-22T16:00:59.122Z" level=info msg="Upload completed successfully"
time="2025-01-22T16:22:00.835Z" level=info msg="Logger initialized successfully."
time="2025-01-22T16:22:02.076Z" level=info msg="Worker 15 started processing batches"
time="2025-01-22T16:22:02.078Z" level=info msg="Worker 7 started processing batches"
time="2025-01-22T16:22:02.078Z" level=info msg="Worker 10 started processing batches"
time="2025-01-22T16:22:02.078Z" level=info msg="Worker 11 started processing batches"
time="2025-01-22T16:22:02.078Z" level=info msg="Started reading CSV data"
time="2025-01-22T16:22:02.078Z" level=info msg="Worker 1 started processing batches"
time="2025-01-22T16:22:02.078Z" level=info msg="Worker 2 started processing batches"
time="2025-01-22T16:22:02.078Z" level=info msg="Worker 3 started processing batches"
time="2025-01-22T16:22:02.078Z" level=info msg="Worker 4 started processing batches"
time="2025-01-22T16:22:02.078Z" level=info msg="Worker 5 started processing batches"
time="2025-01-22T16:22:02.078Z" level=info msg="Worker 6 started processing batches"
time="2025-01-22T16:22:02.078Z" level=info msg="Worker 13 started processing batches"
time="2025-01-22T16:22:02.078Z" level=info msg="Worker 12 started processing batches"
time="2025-01-22T16:22:02.078Z" level=info msg="Worker 8 started processing batches"
time="2025-01-22T16:22:02.078Z" level=info msg="Worker 14 started processing batches"
time="2025-01-22T16:22:02.079Z" level=info msg="Worker 9 started processing batches"
time="2025-01-22T16:22:02.081Z" level=info msg="Upload completed successfully"
time="2025-01-22T16:23:00.818Z" level=info msg="Logger initialized successfully."
time="2025-01-22T16:23:02.157Z" level=info msg="Worker 15 started processing batches"
time="2025-01-22T16:23:02.157Z" level=info msg="Worker 7 started processing batches"
time="2025-01-22T16:23:02.157Z" level=info msg="Worker 6 started processing batches"
time="2025-01-22T16:23:02.157Z" level=info msg="Worker 11 started processing batches"
time="2025-01-22T16:23:02.158Z" level=info msg="Started reading CSV data"
time="2025-01-22T16:23:02.157Z" level=info msg="Worker 9 started processing batches"
time="2025-01-22T16:23:02.157Z" level=info msg="Worker 10 started processing batches"
time="2025-01-22T16:23:02.157Z" level=info msg="Worker 8 started processing batches"
time="2025-01-22T16:23:02.157Z" level=info msg="Worker 2 started processing batches"
time="2025-01-22T16:23:02.157Z" level=info msg="Worker 13 started processing batches"
time="2025-01-22T16:23:02.157Z" level=info msg="Worker 12 started processing batches"
time="2025-01-22T16:23:02.157Z" level=info msg="Worker 14 started processing batches"
time="2025-01-22T16:23:02.157Z" level=info msg="Worker 3 started processing batches"
time="2025-01-22T16:23:02.157Z" level=info msg="Worker 4 started processing batches"
time="2025-01-22T16:23:02.157Z" level=info msg="Worker 5 started processing batches"
time="2025-01-22T16:23:02.157Z" level=info msg="Worker 1 started processing batches"
time="2025-01-22T16:23:02.163Z" level=info msg="Upload completed successfully"
time="2025-01-22T16:26:46.202Z" level=info msg="Logger initialized successfully."
time="2025-01-22T16:26:46.913Z" level=info msg="Worker 1 started processing batches"
time="2025-01-22T16:26:46.913Z" level=info msg="Worker 15 started processing batches"
time="2025-01-22T16:26:46.913Z" level=info msg="Worker 8 started processing batches"
time="2025-01-22T16:26:46.913Z" level=info msg="Worker 9 started processing batches"
time="2025-01-22T16:26:46.913Z" level=info msg="Worker 10 started processing batches"
time="2025-01-22T16:26:46.913Z" level=info msg="Worker 11 started processing batches"
time="2025-01-22T16:26:46.913Z" level=info msg="Worker 12 started processing batches"
time="2025-01-22T16:26:46.913Z" level=info msg="Worker 13 started processing batches"
time="2025-01-22T16:26:46.913Z" level=info msg="Worker 14 started processing batches"
time="2025-01-22T16:26:46.914Z" level=info msg="Worker 7 started processing batches"
time="2025-01-22T16:26:46.913Z" level=info msg="Worker 2 started processing batches"
time="2025-01-22T16:26:46.913Z" level=info msg="Started reading CSV data"
time="2025-01-22T16:26:46.913Z" level=info msg="Worker 6 started processing batches"
time="2025-01-22T16:26:46.913Z" level=info msg="Worker 3 started processing batches"
time="2025-01-22T16:26:46.913Z" level=info msg="Worker 5 started processing batches"
time="2025-01-22T16:26:46.913Z" level=info msg="Worker 4 started processing batches"
time="2025-01-22T16:26:46.917Z" level=info msg="Upload completed successfully"
time="2025-01-22T16:29:02.852Z" level=info msg="Logger initialized successfully."
time="2025-01-22T16:29:03.210Z" level=info msg="Worker 2 started processing batches"
time="2025-01-22T16:29:03.210Z" level=info msg="Started reading CSV data"
time="2025-01-22T16:29:03.210Z" level=info msg="Worker 1 started processing batches"
time="2025-01-22T16:29:03.211Z" level=info msg="Worker 6 started processing batches"
time="2025-01-22T16:29:03.210Z" level=info msg="Worker 3 started processing batches"
time="2025-01-22T16:29:03.210Z" level=info msg="Worker 9 started processing batches"
time="2025-01-22T16:29:03.210Z" level=info msg="Worker 7 started processing batches"
time="2025-01-22T16:29:03.210Z" level=info msg="Worker 8 started processing batches"
time="2025-01-22T16:29:03.210Z" level=info msg="Worker 15 started processing batches"
time="2025-01-22T16:29:03.210Z" level=info msg="Worker 5 started processing batches"
time="2025-01-22T16:29:03.210Z" level=info msg="Worker 10 started processing batches"
time="2025-01-22T16:29:03.210Z" level=info msg="Worker 4 started processing batches"
time="2025-01-22T16:29:03.210Z" level=info msg="Worker 13 started processing batches"
time="2025-01-22T16:29:03.210Z" level=info msg="Worker 11 started processing batches"
time="2025-01-22T16:29:03.210Z" level=info msg="Worker 14 started processing batches"
time="2025-01-22T16:29:03.210Z" level=info msg="Worker 12 started processing batches"
time="2025-01-22T16:29:03.212Z" level=info msg="Upload completed successfully"
